Using pre-set license
Built from '2021.3/staging' branch; Version is '2021.3.30f1 (b4360d7cdac4) revision 11810317'; Using compiler version '192829333'; Build Type 'Release'
OS: 'Windows 11  (10.0.22621) 64bit CoreSingleLanguage' Language: 'en' Physical Memory: 16039 MB
BatchMode: 1, IsHumanControllingUs: 0, StartBugReporterOnCrash: 0, Is64bit: 1, IsPro: 1

COMMAND LINE ARGUMENTS:
C:\Program Files\Unity\Hub\Editor\2021.3.30f1\Editor\Unity.exe
-adb2
-batchMode
-noUpm
-name
AssetImportWorker0
-projectPath
C:/Users/Kamila/Shoot Strike
-logFile
Logs/AssetImportWorker0.log
-srvPort
64288
Successfully changed project path to: C:/Users/Kamila/Shoot Strike
C:/Users/Kamila/Shoot Strike
[UnityMemory] Configuration Parameters - Can be set up in boot.config
    "memorysetup-bucket-allocator-granularity=16"
    "memorysetup-bucket-allocator-bucket-count=8"
    "memorysetup-bucket-allocator-block-size=33554432"
    "memorysetup-bucket-allocator-block-count=8"
    "memorysetup-main-allocator-block-size=16777216"
    "memorysetup-thread-allocator-block-size=16777216"
    "memorysetup-gfx-main-allocator-block-size=16777216"
    "memorysetup-gfx-thread-allocator-block-size=16777216"
    "memorysetup-cache-allocator-block-size=4194304"
    "memorysetup-typetree-allocator-block-size=2097152"
    "memorysetup-profiler-bucket-allocator-granularity=16"
    "memorysetup-profiler-bucket-allocator-bucket-count=8"
    "memorysetup-profiler-bucket-allocator-block-size=33554432"
    "memorysetup-profiler-bucket-allocator-block-count=8"
    "memorysetup-profiler-allocator-block-size=16777216"
    "memorysetup-profiler-editor-allocator-block-size=1048576"
    "memorysetup-temp-allocator-size-main=16777216"
    "memorysetup-job-temp-allocator-block-size=2097152"
    "memorysetup-job-temp-allocator-block-size-background=1048576"
    "memorysetup-job-temp-allocator-reduction-small-platforms=262144"
    "memorysetup-temp-allocator-size-background-worker=32768"
    "memorysetup-temp-allocator-size-job-worker=262144"
    "memorysetup-temp-allocator-size-preload-manager=33554432"
    "memorysetup-temp-allocator-size-nav-mesh-worker=65536"
    "memorysetup-temp-allocator-size-audio-worker=65536"
    "memorysetup-temp-allocator-size-cloud-worker=32768"
    "memorysetup-temp-allocator-size-gi-baking-worker=262144"
    "memorysetup-temp-allocator-size-gfx=262144"
Player connection [21304] Host "[IP] 192.168.0.37 [Port] 0 [Flags] 2 [Guid] 3137273117 [EditorId] 3137273117 [Version] 1048832 [Id] WindowsEditor(7,DESKTOP-M4QQJI8) [Debug] 1 [PackageName] WindowsEditor [ProjectName] Editor" joined multi-casting on [225.0.0.222:54997]...

Player connection [21304] Host "[IP] 192.168.0.37 [Port] 0 [Flags] 2 [Guid] 3137273117 [EditorId] 3137273117 [Version] 1048832 [Id] WindowsEditor(7,DESKTOP-M4QQJI8) [Debug] 1 [PackageName] WindowsEditor [ProjectName] Editor" joined alternative multi-casting on [225.0.0.222:34997]...

[Physics::Module] Initialized MultithreadedJobDispatcher with {0} workers.
Refreshing native plugins compatible for Editor in 55.87 ms, found 3 plugins.
Preloading 0 native plugins for Editor in 0.00 ms.
Initialize engine version: 2021.3.30f1 (b4360d7cdac4)
[Subsystems] Discovering subsystems at path C:/Program Files/Unity/Hub/Editor/2021.3.30f1/Editor/Data/Resources/UnitySubsystems
[Subsystems] Discovering subsystems at path C:/Users/Kamila/Shoot Strike/Assets
GfxDevice: creating device client; threaded=0; jobified=0
Direct3D:
    Version:  Direct3D 11.0 [level 11.1]
    Renderer: Intel(R) Iris(R) Xe Graphics (ID=0x9a49)
    Vendor:   Intel
    VRAM:     8019 MB
    Driver:   31.0.101.4502
Initialize mono
Mono path[0] = 'C:/Program Files/Unity/Hub/Editor/2021.3.30f1/Editor/Data/Managed'
Mono path[1] = 'C:/Program Files/Unity/Hub/Editor/2021.3.30f1/Editor/Data/MonoBleedingEdge/lib/mono/unityjit-win32'
Mono config path = 'C:/Program Files/Unity/Hub/Editor/2021.3.30f1/Editor/Data/MonoBleedingEdge/etc'
Using monoOptions --debugger-agent=transport=dt_socket,embedding=1,server=y,suspend=n,address=127.0.0.1:56032
Begin MonoManager ReloadAssembly
Registering precompiled unity dll's ...
Register platform support module: C:/Program Files/Unity/Hub/Editor/2021.3.30f1/Editor/Data/PlaybackEngines/WebGLSupport/UnityEditor.WebGL.Extensions.dll
Register platform support module: C:/Program Files/Unity/Hub/Editor/2021.3.30f1/Editor/Data/PlaybackEngines/AndroidPlayer/UnityEditor.Android.Extensions.dll
Register platform support module: C:/Program Files/Unity/Hub/Editor/2021.3.30f1/Editor/Data/PlaybackEngines/WindowsStandaloneSupport/UnityEditor.WindowsStandalone.Extensions.dll
Register platform support module: C:/Program Files/Unity/Hub/Editor/2021.3.30f1/Editor/Data/PlaybackEngines/MetroSupport/UnityEditor.UWP.Extensions.dll
Registered in 0.004055 seconds.
Native extension for UWP target not found
Native extension for WindowsStandalone target not found
Native extension for Android target not found
Android Extension - Scanning For ADB Devices 236 ms
Native extension for WebGL target not found
Refreshing native plugins compatible for Editor in 51.97 ms, found 3 plugins.
Preloading 0 native plugins for Editor in 0.00 ms.
Mono: successfully reloaded assembly
- Completed reload, in  0.876 seconds
Domain Reload Profiling:
	ReloadAssembly (876ms)
		BeginReloadAssembly (98ms)
			ExecutionOrderSort (0ms)
			DisableScriptedObjects (0ms)
			BackupInstance (0ms)
			ReleaseScriptingObjects (0ms)
			CreateAndSetChildDomain (1ms)
		EndReloadAssembly (688ms)
			LoadAssemblies (99ms)
			RebuildTransferFunctionScriptingTraits (0ms)
			SetupTypeCache (124ms)
			ReleaseScriptCaches (0ms)
			RebuildScriptCaches (25ms)
			SetupLoadedEditorAssemblies (498ms)
				LogAssemblyErrors (0ms)
				InitializePlatformSupportModulesInManaged (329ms)
				SetLoadedEditorAssemblies (0ms)
				RefreshPlugins (52ms)
				BeforeProcessingInitializeOnLoad (1ms)
				ProcessInitializeOnLoadAttributes (78ms)
				ProcessInitializeOnLoadMethodAttributes (37ms)
				AfterProcessingInitializeOnLoad (0ms)
				EditorAssembliesLoaded (0ms)
			ExecutionOrderSort2 (0ms)
			AwakeInstancesAfterBackupRestoration (0ms)
Platform modules already initialized, skipping
Registering precompiled user dll's ...
Registered in 0.002768 seconds.
Begin MonoManager ReloadAssembly
Native extension for UWP target not found
Native extension for WindowsStandalone target not found
Native extension for Android target not found
Native extension for WebGL target not found
Refreshing native plugins compatible for Editor in 0.44 ms, found 3 plugins.
Preloading 0 native plugins for Editor in 0.00 ms.
Package Manager log level set to [2]
[Package Manager] Server::EnsureServerProcessIsRunning -- launch failed, reason: Unity was launched with the -noUpm command-line argument
[Package Manager] Cannot connect to Unity Package Manager local server
Mono: successfully reloaded assembly
- Completed reload, in  1.293 seconds
Domain Reload Profiling:
	ReloadAssembly (1293ms)
		BeginReloadAssembly (122ms)
			ExecutionOrderSort (0ms)
			DisableScriptedObjects (7ms)
			BackupInstance (0ms)
			ReleaseScriptingObjects (0ms)
			CreateAndSetChildDomain (20ms)
		EndReloadAssembly (1073ms)
			LoadAssemblies (89ms)
			RebuildTransferFunctionScriptingTraits (0ms)
			SetupTypeCache (263ms)
			ReleaseScriptCaches (0ms)
			RebuildScriptCaches (52ms)
			SetupLoadedEditorAssemblies (656ms)
				LogAssemblyErrors (0ms)
				InitializePlatformSupportModulesInManaged (21ms)
				SetLoadedEditorAssemblies (0ms)
				RefreshPlugins (0ms)
				BeforeProcessingInitializeOnLoad (66ms)
				ProcessInitializeOnLoadAttributes (549ms)
				ProcessInitializeOnLoadMethodAttributes (14ms)
				AfterProcessingInitializeOnLoad (4ms)
				EditorAssembliesLoaded (0ms)
			ExecutionOrderSort2 (0ms)
			AwakeInstancesAfterBackupRestoration (4ms)
Platform modules already initialized, skipping
========================================================================
Worker process is ready to serve import requests
Launched and connected shader compiler UnityShaderCompiler.exe after 0.03 seconds
Refreshing native plugins compatible for Editor in 0.48 ms, found 3 plugins.
Preloading 0 native plugins for Editor in 0.00 ms.
Unloading 3103 Unused Serialized files (Serialized files now loaded: 0)
Unloading 22 unused Assets / (46.4 KB). Loaded Objects now: 3567.
Memory consumption went from 113.3 MB to 113.3 MB.
Total: 2.221000 ms (FindLiveObjects: 0.237400 ms CreateObjectMapping: 0.091100 ms MarkObjects: 1.834400 ms  DeleteObjects: 0.057300 ms)

AssetImportParameters requested are different than current active one (requested -> active):
  custom:video-decoder-ogg-theora: a1e56fd34408186e4bbccfd4996cb3dc -> 
  custom:container-muxer-webm: aa71ff27fc2769a1b78a27578f13a17b -> 
  custom:container-demuxer-webm: 4f35f7cbe854078d1ac9338744f61a02 -> 
  custom:video-encoder-webm-vp8: eb34c28f22e8b96e1ab97ce403110664 -> 
  custom:CustomObjectIndexerAttribute: bc11b3a6c3213fcdd17b65e7da85e133 -> 
  custom:audio-encoder-webm-vorbis: bf7c407c2cedff20999df2af8eb42d56 -> 
  custom:framework-win-MediaFoundation: 216162199b28c13a410421893ffa2e32 -> 
  custom:SearchIndexIgnoredProperties: e643bd26f0fe6173181afceb89e7c659 -> 
  custom:container-demuxer-ogg: 62fdf1f143b41e24485cea50d1cbac27 -> 
  custom:video-decoder-webm-vp8: 9c59270c3fd7afecdb556c50c9e8de78 -> 
  custom:audio-decoder-ogg-vorbis: bf7c407c2cedff20999df2af8eb42d56 -> 
========================================================================
Received Import Request.
  Time since last request: 344559.143332 seconds.
  path: Assets/Scenes
  artifactKey: Guid(ef16b6a81348bda48a0a26c8e89e23fb) Importer(815301076,1909f56bfc062723c751e8b465ee728b)
Number of updated assets reloaded before import = 0
Start importing Assets/Scenes using Guid(ef16b6a81348bda48a0a26c8e89e23fb) Importer(815301076,1909f56bfc062723c751e8b465ee728b)  -> (artifact id: 'db1b15ff034bd28c48e313f3d694e718') in 0.010372 seconds 
Number of asset objects unloaded after import = 0
========================================================================
Received Import Request.
  Time since last request: 0.000018 seconds.
  path: Assets/Scenes/SampleScene.unity
  artifactKey: Guid(9fc0d4010bbf28b4594072e72b8655ab) Importer(815301076,1909f56bfc062723c751e8b465ee728b)
Number of updated assets reloaded before import = 0
Start importing Assets/Scenes/SampleScene.unity using Guid(9fc0d4010bbf28b4594072e72b8655ab) Importer(815301076,1909f56bfc062723c751e8b465ee728b)  -> (artifact id: 'e55ccaa32d8e5c1de03c07a5412c8c3c') in 0.006883 seconds 
Number of asset objects unloaded after import = 0
========================================================================
Received Import Request.
  Time since last request: 14.950677 seconds.
  path: Assets/Scripts
  artifactKey: Guid(0fdecafa5016f6442b542e1556a4c768) Importer(815301076,1909f56bfc062723c751e8b465ee728b)
Number of updated assets reloaded before import = 0
Start importing Assets/Scripts using Guid(0fdecafa5016f6442b542e1556a4c768) Importer(815301076,1909f56bfc062723c751e8b465ee728b)  -> (artifact id: '7c5fa7a5dfd30770f11288c26f0408ec') in 0.008272 seconds 
Number of asset objects unloaded after import = 0
========================================================================
Received Import Request.
  Time since last request: 2.346829 seconds.
  path: Assets/PBR_Military_Pack
  artifactKey: Guid(073f08e53a40c35419c9fa505ca59e2a) Importer(815301076,1909f56bfc062723c751e8b465ee728b)
Number of updated assets reloaded before import = 0
Start importing Assets/PBR_Military_Pack using Guid(073f08e53a40c35419c9fa505ca59e2a) Importer(815301076,1909f56bfc062723c751e8b465ee728b)  -> (artifact id: '484c534bc0bbd83e0eca5baa873f2b78') in 0.009093 seconds 
Number of asset objects unloaded after import = 0
========================================================================
Received Import Request.
  Time since last request: 1.012609 seconds.
  path: Assets/PBR_Military_Pack/PBR_Drone
  artifactKey: Guid(abe15719271800542841df2bd91c165b) Importer(815301076,1909f56bfc062723c751e8b465ee728b)
Number of updated assets reloaded before import = 0
Start importing Assets/PBR_Military_Pack/PBR_Drone using Guid(abe15719271800542841df2bd91c165b) Importer(815301076,1909f56bfc062723c751e8b465ee728b)  -> (artifact id: 'da866f77bcacda5a6fbf2244ad3b79b3') in 0.008360 seconds 
Number of asset objects unloaded after import = 0
========================================================================
Received Import Request.
  Time since last request: 3.891925 seconds.
  path: Assets/MBCP
  artifactKey: Guid(b18638dbfa9c2684c84267282d13581c) Importer(815301076,1909f56bfc062723c751e8b465ee728b)
Number of updated assets reloaded before import = 0
Start importing Assets/MBCP using Guid(b18638dbfa9c2684c84267282d13581c) Importer(815301076,1909f56bfc062723c751e8b465ee728b)  -> (artifact id: '353c46ee8385755f5b3d1b00ad35e650') in 0.009304 seconds 
Number of asset objects unloaded after import = 0
========================================================================
Received Import Request.
  Time since last request: 0.777132 seconds.
  path: Assets/MBCP/Source
  artifactKey: Guid(81bcd3ac88672a2478688fd381717434) Importer(815301076,1909f56bfc062723c751e8b465ee728b)
Number of updated assets reloaded before import = 0
Start importing Assets/MBCP/Source using Guid(81bcd3ac88672a2478688fd381717434) Importer(815301076,1909f56bfc062723c751e8b465ee728b)  -> (artifact id: '935d947709bc76771f6d44c43a22cfcd') in 0.008358 seconds 
Number of asset objects unloaded after import = 0
========================================================================
Received Import Request.
  Time since last request: 0.546342 seconds.
  path: Assets/MBCP/Source/Scripts
  artifactKey: Guid(9acb48d981f8f8648b9b03e2dd4156cc) Importer(815301076,1909f56bfc062723c751e8b465ee728b)
Number of updated assets reloaded before import = 0
Start importing Assets/MBCP/Source/Scripts using Guid(9acb48d981f8f8648b9b03e2dd4156cc) Importer(815301076,1909f56bfc062723c751e8b465ee728b)  -> (artifact id: '7d5e4fd45c0e24e482a09e88be7ec862') in 0.001676 seconds 
Number of asset objects unloaded after import = 0
========================================================================
Received Import Request.
  Time since last request: 2.226128 seconds.
  path: Assets/JMO Assets
  artifactKey: Guid(1f995dd3329dbf34cae54a348d08eb4a) Importer(815301076,1909f56bfc062723c751e8b465ee728b)
Number of updated assets reloaded before import = 0
Start importing Assets/JMO Assets using Guid(1f995dd3329dbf34cae54a348d08eb4a) Importer(815301076,1909f56bfc062723c751e8b465ee728b)  -> (artifact id: '8dfc4d274bb0661996bc76d6b4a98ff9') in 0.008487 seconds 
Number of asset objects unloaded after import = 0
========================================================================
Received Import Request.
  Time since last request: 1.247898 seconds.
  path: Assets/JMO Assets/Cartoon FX Easy Editor
  artifactKey: Guid(fe81b1e870532454396d0de0c5153f42) Importer(815301076,1909f56bfc062723c751e8b465ee728b)
Number of updated assets reloaded before import = 0
Start importing Assets/JMO Assets/Cartoon FX Easy Editor using Guid(fe81b1e870532454396d0de0c5153f42) Importer(815301076,1909f56bfc062723c751e8b465ee728b)  -> (artifact id: 'e25c329b54e64675e3d215df584fbe14') in 0.008843 seconds 
Number of asset objects unloaded after import = 0
========================================================================
Received Import Request.
  Time since last request: 0.585551 seconds.
  path: Assets/JMO Assets/Cartoon FX Easy Editor/Editor
  artifactKey: Guid(69d9bd327f595e44f9c110a80eb8baf0) Importer(815301076,1909f56bfc062723c751e8b465ee728b)
Number of updated assets reloaded before import = 0
Start importing Assets/JMO Assets/Cartoon FX Easy Editor/Editor using Guid(69d9bd327f595e44f9c110a80eb8baf0) Importer(815301076,1909f56bfc062723c751e8b465ee728b)  -> (artifact id: '19edfd78c28f582742d0cb015495daf6') in 0.008274 seconds 
Number of asset objects unloaded after import = 0
========================================================================
Received Import Request.
  Time since last request: 2.173891 seconds.
  path: Assets/JMO Assets/WarFX
  artifactKey: Guid(bf451584b6b308a4fb8a00f4a5961859) Importer(815301076,1909f56bfc062723c751e8b465ee728b)
Number of updated assets reloaded before import = 0
Start importing Assets/JMO Assets/WarFX using Guid(bf451584b6b308a4fb8a00f4a5961859) Importer(815301076,1909f56bfc062723c751e8b465ee728b)  -> (artifact id: '306e88f879a78ea07f941fb8db853612') in 0.007357 seconds 
Number of asset objects unloaded after import = 0
========================================================================
Received Import Request.
  Time since last request: 3.281555 seconds.
  path: Assets/JMO Assets/WarFX/Demo
  artifactKey: Guid(c4c1cdac8cea420428706bfa9b0ddfc8) Importer(815301076,1909f56bfc062723c751e8b465ee728b)
Number of updated assets reloaded before import = 0
Start importing Assets/JMO Assets/WarFX/Demo using Guid(c4c1cdac8cea420428706bfa9b0ddfc8) Importer(815301076,1909f56bfc062723c751e8b465ee728b)  -> (artifact id: '140db1049ac362e13d6258d2bf7f4df8') in 0.015185 seconds 
Number of asset objects unloaded after import = 0
========================================================================
Received Import Request.
  Time since last request: 0.579310 seconds.
  path: Assets/JMO Assets/WarFX/Demo/Assets
  artifactKey: Guid(b14ae90ce23813041ba75aac9f3af735) Importer(815301076,1909f56bfc062723c751e8b465ee728b)
Number of updated assets reloaded before import = 0
Start importing Assets/JMO Assets/WarFX/Demo/Assets using Guid(b14ae90ce23813041ba75aac9f3af735) Importer(815301076,1909f56bfc062723c751e8b465ee728b)  -> (artifact id: '4bb9573da88b468ddc09c8ee442eea6b') in 0.009082 seconds 
Number of asset objects unloaded after import = 0
========================================================================
Received Import Request.
  Time since last request: 5.482246 seconds.
  path: Assets/NoobGameDev
  artifactKey: Guid(4127a8911390a8944829cca17043f6d2) Importer(815301076,1909f56bfc062723c751e8b465ee728b)
Number of updated assets reloaded before import = 0
Start importing Assets/NoobGameDev using Guid(4127a8911390a8944829cca17043f6d2) Importer(815301076,1909f56bfc062723c751e8b465ee728b)  -> (artifact id: '7f9269424053206e4e0f8709ac97b40d') in 0.007349 seconds 
Number of asset objects unloaded after import = 0
========================================================================
Received Import Request.
  Time since last request: 0.799794 seconds.
  path: Assets/NoobGameDev/Health System For Dummies
  artifactKey: Guid(43d051925d62dab4fb0109f6fc914680) Importer(815301076,1909f56bfc062723c751e8b465ee728b)
Number of updated assets reloaded before import = 0
Start importing Assets/NoobGameDev/Health System For Dummies using Guid(43d051925d62dab4fb0109f6fc914680) Importer(815301076,1909f56bfc062723c751e8b465ee728b)  -> (artifact id: 'c2b93a493fb2e1d19a7438b8ede573a6') in 0.007822 seconds 
Number of asset objects unloaded after import = 0
========================================================================
Received Import Request.
  Time since last request: 1.438456 seconds.
  path: Assets/NoobGameDev/Health System For Dummies/Example Scene Scripts
  artifactKey: Guid(5cfa7c81b5fac7246a9725acf3b8cea1) Importer(815301076,1909f56bfc062723c751e8b465ee728b)
Number of updated assets reloaded before import = 0
Start importing Assets/NoobGameDev/Health System For Dummies/Example Scene Scripts using Guid(5cfa7c81b5fac7246a9725acf3b8cea1) Importer(815301076,1909f56bfc062723c751e8b465ee728b)  -> (artifact id: '9183d25de1d8a6f8b83e4d921fbfd2de') in 0.007749 seconds 
Number of asset objects unloaded after import = 0
========================================================================
Received Import Request.
  Time since last request: 1.312742 seconds.
  path: Assets/NoobGameDev/Health System For Dummies/Example Scene Scripts/Editor
  artifactKey: Guid(43a265c2e96870f49bbcc30a72f2f0fa) Importer(815301076,1909f56bfc062723c751e8b465ee728b)
Number of updated assets reloaded before import = 0
Start importing Assets/NoobGameDev/Health System For Dummies/Example Scene Scripts/Editor using Guid(43a265c2e96870f49bbcc30a72f2f0fa) Importer(815301076,1909f56bfc062723c751e8b465ee728b)  -> (artifact id: '3e8837b3bbbd2396a68cd735a700a0a5') in 0.001622 seconds 
Number of asset objects unloaded after import = 0
========================================================================
Received Import Request.
  Time since last request: 4.749617 seconds.
  path: Assets/PBR_Military_Pack/PBR_Drone/Effects
  artifactKey: Guid(d782376b68e5421449d11a906ea33334) Importer(815301076,1909f56bfc062723c751e8b465ee728b)
Number of updated assets reloaded before import = 0
Start importing Assets/PBR_Military_Pack/PBR_Drone/Effects using Guid(d782376b68e5421449d11a906ea33334) Importer(815301076,1909f56bfc062723c751e8b465ee728b)  -> (artifact id: 'fc7fc1b645c73eeb5cf5cae30a2d7778') in 0.007689 seconds 
Number of asset objects unloaded after import = 0
========================================================================
Received Import Request.
  Time since last request: 0.511112 seconds.
  path: Assets/PBR_Military_Pack/PBR_Drone/Effects/FX
  artifactKey: Guid(c8af75d33772fe44bb95b7597fc02e57) Importer(815301076,1909f56bfc062723c751e8b465ee728b)
Number of updated assets reloaded before import = 0
Start importing Assets/PBR_Military_Pack/PBR_Drone/Effects/FX using Guid(c8af75d33772fe44bb95b7597fc02e57) Importer(815301076,1909f56bfc062723c751e8b465ee728b)  -> (artifact id: 'c9ca9ec6ed7ba3a92d877981de1d29e5') in 0.007491 seconds 
Number of asset objects unloaded after import = 0
========================================================================
Received Import Request.
  Time since last request: 0.583804 seconds.
  path: Assets/PBR_Military_Pack/PBR_Drone/Effects/FX/Script
  artifactKey: Guid(2f9378ece644ce84db66a0c1ee17ca0c) Importer(815301076,1909f56bfc062723c751e8b465ee728b)
Number of updated assets reloaded before import = 0
Start importing Assets/PBR_Military_Pack/PBR_Drone/Effects/FX/Script using Guid(2f9378ece644ce84db66a0c1ee17ca0c) Importer(815301076,1909f56bfc062723c751e8b465ee728b)  -> (artifact id: '03a75983d6e42757d4099fc6e93d1b4e') in 0.007995 seconds 
Number of asset objects unloaded after import = 0
